[INFO ] 2020-03-08 18:38:09.949 [main] Log - Scenario start name: As a User I should able to create student
[INFO ] 2020-03-08 18:38:13.181 [main] Log - User on http://cybertektraining.com/
[INFO ] 2020-03-08 18:38:13.281 [main] Log - User is clicking on students button
[WARN ] 2020-03-08 18:38:14.283 [main] Log - Add student buttons verification
[WARN ] 2020-03-08 18:38:14.337 [main] Log - All student buttons verifications
[INFO ] 2020-03-08 18:38:14.362 [main] Log - Click Add student button
[INFO ] 2020-03-08 18:38:14.599 [main] Log - Wait for visibility of add student header
[WARN ] 2020-03-08 18:38:14.624 [main] Log - Add Header verification
[INFO ] 2020-03-08 18:38:15.688 [main] Log - 
[INFO ] 2020-03-08 18:38:15.689 [main] Log - User is entering first name
[INFO ] 2020-03-08 18:38:16.827 [main] Log - User is entering last name
[INFO ] 2020-03-08 18:38:17.920 [main] Log - User is entering email number
[INFO ] 2020-03-08 18:38:19.042 [main] Log - User is entering password
[INFO ] 2020-03-08 18:38:20.113 [main] Log - User is entering confirm password
[INFO ] 2020-03-08 18:38:21.168 [main] Log - User is entering join date
[INFO ] 2020-03-08 18:38:22.331 [main] Log - User is entering subject 
[INFO ] 2020-03-08 18:38:22.543 [main] Log - User is entering mobile number
[INFO ] 2020-03-08 18:38:22.624 [main] Log - User select gender
[INFO ] 2020-03-08 18:38:22.730 [main] Log - User is entering admission number 
[INFO ] 2020-03-08 18:38:23.821 [main] Log - User is entering birthday 
[INFO ] 2020-03-08 18:38:24.912 [main] Log - User is entering major 
[INFO ] 2020-03-08 18:38:24.975 [main] Log - User select the Batch
[INFO ] 2020-03-08 18:38:25.120 [main] Log - User is entering section 
[INFO ] 2020-03-08 18:38:25.163 [main] Log - User is entering permanent Address 
[INFO ] 2020-03-08 18:38:25.372 [main] Log - User is entering company name 
[INFO ] 2020-03-08 18:38:25.535 [main] Log - User is entering start day 
[INFO ] 2020-03-08 18:38:25.619 [main] Log - User is entering street 
[INFO ] 2020-03-08 18:38:25.744 [main] Log - User is entering state 
[INFO ] 2020-03-08 18:38:25.806 [main] Log - User is entering title
[INFO ] 2020-03-08 18:38:25.891 [main] Log - User is entering city 
[INFO ] 2020-03-08 18:38:25.950 [main] Log - User is entering zipCode 
[INFO ] 2020-03-08 18:38:26.018 [main] Log - User click submit button
[WARN ] 2020-03-08 18:38:26.082 [main] Log - All student header verification
[WARN ] 2020-03-08 18:38:26.119 [main] Log - Creating student
[INFO ] 2020-03-08 18:38:26.500 [main] Log - Click on student that was created
[WARN ] 2020-03-08 18:38:32.512 [main] Log - Full name verification in data base
[INFO ] 2020-03-08 18:38:32.833 [main] Log - Data base join date convert to UI format
[WARN ] 2020-03-08 18:38:32.839 [main] Log - Join date verification with data base
[WARN ] 2020-03-08 18:38:33.173 [main] Log - Admission value verification with data base
[WARN ] 2020-03-08 18:38:33.581 [main] Log - Birthday verification with data base
[WARN ] 2020-03-08 18:38:34.130 [main] Log - Birthday verification with data base
[WARN ] 2020-03-08 18:38:34.486 [main] Log - Section verification with data base
[WARN ] 2020-03-08 18:38:34.957 [main] Log - Subject verification with data base
[INFO ] 2020-03-08 18:38:35.064 [main] Log - Scenario start name: As a User I should able to update student
[INFO ] 2020-03-08 18:38:37.875 [main] Log - User on http://cybertektraining.com/
[INFO ] 2020-03-08 18:38:37.966 [main] Log - User is clicking on students button
[INFO ] 2020-03-08 18:38:39.329 [main] Log - Click on student that was created
[INFO ] 2020-03-08 18:43:13.597 [main] Log - Scenario start name: As a User I should able to create student
[INFO ] 2020-03-08 18:43:16.743 [main] Log - User on http://cybertektraining.com/
[INFO ] 2020-03-08 18:43:16.835 [main] Log - User is clicking on students button
[WARN ] 2020-03-08 18:43:17.840 [main] Log - Add student buttons verification
[WARN ] 2020-03-08 18:43:17.884 [main] Log - All student buttons verifications
[INFO ] 2020-03-08 18:43:17.911 [main] Log - Click Add student button
[INFO ] 2020-03-08 18:43:18.145 [main] Log - Wait for visibility of add student header
[WARN ] 2020-03-08 18:43:18.199 [main] Log - Add Header verification
[INFO ] 2020-03-08 18:43:19.264 [main] Log - 
[INFO ] 2020-03-08 18:43:19.265 [main] Log - User is entering first name
[INFO ] 2020-03-08 18:43:20.391 [main] Log - User is entering last name
[INFO ] 2020-03-08 18:43:21.503 [main] Log - User is entering email number
[INFO ] 2020-03-08 18:43:22.632 [main] Log - User is entering password
[INFO ] 2020-03-08 18:43:23.700 [main] Log - User is entering confirm password
[INFO ] 2020-03-08 18:43:24.758 [main] Log - User is entering join date
[INFO ] 2020-03-08 18:43:25.910 [main] Log - User is entering subject 
[INFO ] 2020-03-08 18:43:26.037 [main] Log - User is entering mobile number
[INFO ] 2020-03-08 18:43:26.123 [main] Log - User select gender
[INFO ] 2020-03-08 18:43:26.230 [main] Log - User is entering admission number 
[INFO ] 2020-03-08 18:43:27.326 [main] Log - User is entering birthday 
[INFO ] 2020-03-08 18:43:28.418 [main] Log - User is entering major 
[INFO ] 2020-03-08 18:43:28.482 [main] Log - User select the Batch
[INFO ] 2020-03-08 18:43:28.628 [main] Log - User is entering section 
[INFO ] 2020-03-08 18:43:28.672 [main] Log - User is entering permanent Address 
[INFO ] 2020-03-08 18:43:28.890 [main] Log - User is entering company name 
[INFO ] 2020-03-08 18:43:29.032 [main] Log - User is entering start day 
[INFO ] 2020-03-08 18:43:29.117 [main] Log - User is entering street 
[INFO ] 2020-03-08 18:43:29.254 [main] Log - User is entering state 
[INFO ] 2020-03-08 18:43:29.311 [main] Log - User is entering title
[INFO ] 2020-03-08 18:43:29.383 [main] Log - User is entering city 
[INFO ] 2020-03-08 18:43:29.450 [main] Log - User is entering zipCode 
[INFO ] 2020-03-08 18:43:29.520 [main] Log - User click submit button
[WARN ] 2020-03-08 18:43:29.576 [main] Log - All student header verification
[WARN ] 2020-03-08 18:43:29.613 [main] Log - Creating student
[INFO ] 2020-03-08 18:43:30.135 [main] Log - Click on student that was created
[WARN ] 2020-03-08 18:43:35.848 [main] Log - Full name verification in data base
[INFO ] 2020-03-08 18:43:36.193 [main] Log - Data base join date convert to UI format
[WARN ] 2020-03-08 18:43:36.198 [main] Log - Join date verification with data base
[WARN ] 2020-03-08 18:43:36.528 [main] Log - Admission value verification with data base
[WARN ] 2020-03-08 18:43:36.883 [main] Log - Birthday verification with data base
[WARN ] 2020-03-08 18:43:37.256 [main] Log - Birthday verification with data base
[WARN ] 2020-03-08 18:43:37.725 [main] Log - Section verification with data base
[WARN ] 2020-03-08 18:43:38.101 [main] Log - Subject verification with data base
[INFO ] 2020-03-08 18:43:38.122 [main] Log - Scenario start name: As a User I should able to update student
[INFO ] 2020-03-08 18:43:38.499 [main] Log - User on http://cybertektraining.com/
[INFO ] 2020-03-08 18:43:43.668 [main] Log - User is clicking on students button
[INFO ] 2020-03-08 18:43:49.872 [main] Log - Click on student that was created
[INFO ] 2020-03-08 18:54:13.650 [main] Log - Scenario start name: As a User I should able to create student
[INFO ] 2020-03-08 18:54:15.979 [main] Log - User on http://cybertektraining.com/
[INFO ] 2020-03-08 18:54:16.143 [main] Log - User is clicking on students button
[WARN ] 2020-03-08 18:54:17.146 [main] Log - Add student buttons verification
[WARN ] 2020-03-08 18:54:17.189 [main] Log - All student buttons verifications
[INFO ] 2020-03-08 18:54:17.214 [main] Log - Click Add student button
[INFO ] 2020-03-08 18:54:17.470 [main] Log - Wait for visibility of add student header
[WARN ] 2020-03-08 18:54:17.516 [main] Log - Add Header verification
[INFO ] 2020-03-08 18:54:18.609 [main] Log - 
[INFO ] 2020-03-08 18:54:18.610 [main] Log - User is entering first name
[INFO ] 2020-03-08 18:54:19.750 [main] Log - User is entering last name
[INFO ] 2020-03-08 18:54:20.874 [main] Log - User is entering email number
[INFO ] 2020-03-08 18:54:22.019 [main] Log - User is entering password
[INFO ] 2020-03-08 18:54:23.088 [main] Log - User is entering confirm password
[INFO ] 2020-03-08 18:54:24.143 [main] Log - User is entering join date
[INFO ] 2020-03-08 18:54:25.303 [main] Log - User is entering subject 
[INFO ] 2020-03-08 18:54:25.503 [main] Log - User is entering mobile number
[INFO ] 2020-03-08 18:54:25.584 [main] Log - User select gender
[INFO ] 2020-03-08 18:54:25.689 [main] Log - User is entering admission number 
[INFO ] 2020-03-08 18:54:26.786 [main] Log - User is entering birthday 
[INFO ] 2020-03-08 18:54:27.883 [main] Log - User is entering major 
[INFO ] 2020-03-08 18:54:27.944 [main] Log - User select the Batch
[INFO ] 2020-03-08 18:54:28.090 [main] Log - User is entering section 
[INFO ] 2020-03-08 18:54:28.133 [main] Log - User is entering permanent Address 
[INFO ] 2020-03-08 18:54:28.424 [main] Log - User is entering company name 
[INFO ] 2020-03-08 18:54:28.568 [main] Log - User is entering start day 
[INFO ] 2020-03-08 18:54:28.663 [main] Log - User is entering street 
[INFO ] 2020-03-08 18:54:28.790 [main] Log - User is entering state 
[INFO ] 2020-03-08 18:54:28.844 [main] Log - User is entering title
[INFO ] 2020-03-08 18:54:28.929 [main] Log - User is entering city 
[INFO ] 2020-03-08 18:54:28.998 [main] Log - User is entering zipCode 
[INFO ] 2020-03-08 18:54:29.056 [main] Log - User click submit button
[WARN ] 2020-03-08 18:54:29.108 [main] Log - All student header verification
[WARN ] 2020-03-08 18:54:29.131 [main] Log - Creating student
[INFO ] 2020-03-08 18:54:29.544 [main] Log - Click on student that was created
[WARN ] 2020-03-08 18:54:35.236 [main] Log - Full name verification in data base
[INFO ] 2020-03-08 18:54:35.575 [main] Log - Data base join date convert to UI format
[WARN ] 2020-03-08 18:54:35.580 [main] Log - Join date verification with data base
[WARN ] 2020-03-08 18:54:36.029 [main] Log - Admission value verification with data base
[WARN ] 2020-03-08 18:54:36.524 [main] Log - Birthday verification with data base
[WARN ] 2020-03-08 18:54:36.855 [main] Log - Birthday verification with data base
[WARN ] 2020-03-08 18:54:37.188 [main] Log - Section verification with data base
[WARN ] 2020-03-08 18:54:37.557 [main] Log - Subject verification with data base
[INFO ] 2020-03-08 18:54:37.581 [main] Log - Scenario start name: As a User I should able to update student
[INFO ] 2020-03-08 18:54:37.850 [main] Log - User on http://cybertektraining.com/
[INFO ] 2020-03-08 18:54:38.003 [main] Log - User is clicking on students button
[INFO ] 2020-03-08 18:54:39.272 [main] Log - Click on student that was created
[INFO ] 2020-03-08 18:55:50.201 [main] Log - Scenario start name: As a User I should able to create student
[INFO ] 2020-03-08 18:55:53.672 [main] Log - User on http://cybertektraining.com/
[INFO ] 2020-03-08 18:55:53.756 [main] Log - User is clicking on students button
[WARN ] 2020-03-08 18:55:54.758 [main] Log - Add student buttons verification
[WARN ] 2020-03-08 18:55:54.802 [main] Log - All student buttons verifications
[INFO ] 2020-03-08 18:55:54.829 [main] Log - Click Add student button
[INFO ] 2020-03-08 18:55:55.076 [main] Log - Wait for visibility of add student header
[WARN ] 2020-03-08 18:55:55.110 [main] Log - Add Header verification
[INFO ] 2020-03-08 18:55:56.172 [main] Log - 
[INFO ] 2020-03-08 18:55:56.172 [main] Log - User is entering first name
[INFO ] 2020-03-08 18:55:57.299 [main] Log - User is entering last name
[INFO ] 2020-03-08 18:55:58.400 [main] Log - User is entering email number
[INFO ] 2020-03-08 18:55:59.521 [main] Log - User is entering password
[INFO ] 2020-03-08 18:56:00.591 [main] Log - User is entering confirm password
[INFO ] 2020-03-08 18:56:01.649 [main] Log - User is entering join date
[INFO ] 2020-03-08 18:56:02.791 [main] Log - User is entering subject 
[INFO ] 2020-03-08 18:56:02.916 [main] Log - User is entering mobile number
[INFO ] 2020-03-08 18:56:02.998 [main] Log - User select gender
[INFO ] 2020-03-08 18:56:03.106 [main] Log - User is entering admission number 
[INFO ] 2020-03-08 18:56:04.201 [main] Log - User is entering birthday 
[INFO ] 2020-03-08 18:56:05.287 [main] Log - User is entering major 
[INFO ] 2020-03-08 18:56:05.350 [main] Log - User select the Batch
[INFO ] 2020-03-08 18:56:05.501 [main] Log - User is entering section 
[INFO ] 2020-03-08 18:56:05.544 [main] Log - User is entering permanent Address 
[INFO ] 2020-03-08 18:56:05.795 [main] Log - User is entering company name 
[INFO ] 2020-03-08 18:56:05.915 [main] Log - User is entering start day 
[INFO ] 2020-03-08 18:56:05.997 [main] Log - User is entering street 
[INFO ] 2020-03-08 18:56:06.132 [main] Log - User is entering state 
[INFO ] 2020-03-08 18:56:06.187 [main] Log - User is entering title
[INFO ] 2020-03-08 18:56:06.277 [main] Log - User is entering city 
[INFO ] 2020-03-08 18:56:06.344 [main] Log - User is entering zipCode 
[INFO ] 2020-03-08 18:56:06.413 [main] Log - User click submit button
[WARN ] 2020-03-08 18:56:06.475 [main] Log - All student header verification
[WARN ] 2020-03-08 18:56:06.511 [main] Log - Creating student
[INFO ] 2020-03-08 18:56:08.507 [main] Log - Click on student that was created
[WARN ] 2020-03-08 18:56:14.696 [main] Log - Full name verification in data base
[INFO ] 2020-03-08 18:56:15.063 [main] Log - Data base join date convert to UI format
[WARN ] 2020-03-08 18:56:15.068 [main] Log - Join date verification with data base
[WARN ] 2020-03-08 18:56:15.444 [main] Log - Admission value verification with data base
[WARN ] 2020-03-08 18:56:15.792 [main] Log - Birthday verification with data base
[WARN ] 2020-03-08 18:56:16.124 [main] Log - Birthday verification with data base
[WARN ] 2020-03-08 18:56:16.477 [main] Log - Section verification with data base
[WARN ] 2020-03-08 18:56:16.830 [main] Log - Subject verification with data base
[INFO ] 2020-03-08 18:56:16.855 [main] Log - Scenario start name: As a User I should able to update student
[INFO ] 2020-03-08 18:56:17.128 [main] Log - User on http://cybertektraining.com/
[INFO ] 2020-03-08 18:56:17.284 [main] Log - User is clicking on students button
[INFO ] 2020-03-08 18:56:18.555 [main] Log - Click on dots that was created
[INFO ] 2020-03-08 18:58:37.163 [main] Log - Scenario start name: As a User I should able to create student
[INFO ] 2020-03-08 18:58:39.720 [main] Log - User on http://cybertektraining.com/
[INFO ] 2020-03-08 18:58:39.807 [main] Log - User is clicking on students button
[WARN ] 2020-03-08 18:58:40.808 [main] Log - Add student buttons verification
[WARN ] 2020-03-08 18:58:40.851 [main] Log - All student buttons verifications
[INFO ] 2020-03-08 18:58:40.878 [main] Log - Click Add student button
[INFO ] 2020-03-08 18:58:41.134 [main] Log - Wait for visibility of add student header
[WARN ] 2020-03-08 18:58:41.189 [main] Log - Add Header verification
[INFO ] 2020-03-08 18:58:42.277 [main] Log - 
[INFO ] 2020-03-08 18:58:42.278 [main] Log - User is entering first name
[INFO ] 2020-03-08 18:58:43.413 [main] Log - User is entering last name
[INFO ] 2020-03-08 18:58:44.511 [main] Log - User is entering email number
[INFO ] 2020-03-08 18:58:45.640 [main] Log - User is entering password
[INFO ] 2020-03-08 18:58:46.707 [main] Log - User is entering confirm password
[INFO ] 2020-03-08 18:58:47.769 [main] Log - User is entering join date
[INFO ] 2020-03-08 18:58:48.925 [main] Log - User is entering subject 
[INFO ] 2020-03-08 18:58:49.129 [main] Log - User is entering mobile number
[INFO ] 2020-03-08 18:58:49.208 [main] Log - User select gender
[INFO ] 2020-03-08 18:58:49.311 [main] Log - User is entering admission number 
[INFO ] 2020-03-08 18:58:50.406 [main] Log - User is entering birthday 
[INFO ] 2020-03-08 18:58:51.499 [main] Log - User is entering major 
[INFO ] 2020-03-08 18:58:51.563 [main] Log - User select the Batch
[INFO ] 2020-03-08 18:58:51.711 [main] Log - User is entering section 
[INFO ] 2020-03-08 18:58:51.754 [main] Log - User is entering permanent Address 
[INFO ] 2020-03-08 18:58:51.973 [main] Log - User is entering company name 
[INFO ] 2020-03-08 18:58:52.092 [main] Log - User is entering start day 
[INFO ] 2020-03-08 18:58:52.172 [main] Log - User is entering street 
[INFO ] 2020-03-08 18:58:52.308 [main] Log - User is entering state 
[INFO ] 2020-03-08 18:58:52.371 [main] Log - User is entering title
[INFO ] 2020-03-08 18:58:52.466 [main] Log - User is entering city 
[INFO ] 2020-03-08 18:58:52.529 [main] Log - User is entering zipCode 
[INFO ] 2020-03-08 18:58:52.596 [main] Log - User click submit button
[WARN ] 2020-03-08 18:58:52.648 [main] Log - All student header verification
[WARN ] 2020-03-08 18:58:52.690 [main] Log - Creating student
[INFO ] 2020-03-08 18:58:54.488 [main] Log - Click on student that was created
[WARN ] 2020-03-08 18:59:00.345 [main] Log - Full name verification in data base
[INFO ] 2020-03-08 18:59:00.840 [main] Log - Data base join date convert to UI format
[WARN ] 2020-03-08 18:59:00.845 [main] Log - Join date verification with data base
[WARN ] 2020-03-08 18:59:01.187 [main] Log - Admission value verification with data base
[WARN ] 2020-03-08 18:59:01.556 [main] Log - Birthday verification with data base
[WARN ] 2020-03-08 18:59:01.945 [main] Log - Birthday verification with data base
[WARN ] 2020-03-08 18:59:02.306 [main] Log - Section verification with data base
[WARN ] 2020-03-08 18:59:02.704 [main] Log - Subject verification with data base
[INFO ] 2020-03-08 18:59:02.728 [main] Log - Scenario start name: As a User I should able to update student
[INFO ] 2020-03-08 18:59:03.464 [main] Log - User on http://cybertektraining.com/
[INFO ] 2020-03-08 18:59:03.609 [main] Log - User is clicking on students button
[INFO ] 2020-03-08 18:59:04.885 [main] Log - Click on dots that was created
[INFO ] 2020-03-08 19:19:42.607 [main] Log - Scenario start name: As a User I should able to create student
[INFO ] 2020-03-08 19:19:45.096 [main] Log - User on http://cybertektraining.com/
[INFO ] 2020-03-08 19:19:45.200 [main] Log - User is clicking on students button
[WARN ] 2020-03-08 19:19:46.202 [main] Log - Add student buttons verification
[WARN ] 2020-03-08 19:19:46.245 [main] Log - All student buttons verifications
[INFO ] 2020-03-08 19:19:46.271 [main] Log - Click Add student button
[INFO ] 2020-03-08 19:19:46.480 [main] Log - Wait for visibility of add student header
[WARN ] 2020-03-08 19:19:46.524 [main] Log - Add Header verification
[INFO ] 2020-03-08 19:19:47.587 [main] Log - 
[INFO ] 2020-03-08 19:19:47.587 [main] Log - User is entering first name
[INFO ] 2020-03-08 19:19:48.733 [main] Log - User is entering last name
[INFO ] 2020-03-08 19:19:49.829 [main] Log - User is entering email number
[INFO ] 2020-03-08 19:19:50.956 [main] Log - User is entering password
[INFO ] 2020-03-08 19:19:52.022 [main] Log - User is entering confirm password
[INFO ] 2020-03-08 19:19:53.077 [main] Log - User is entering join date
[INFO ] 2020-03-08 19:19:54.230 [main] Log - User is entering subject 
[INFO ] 2020-03-08 19:19:54.443 [main] Log - User is entering mobile number
[INFO ] 2020-03-08 19:19:54.521 [main] Log - User select gender
[INFO ] 2020-03-08 19:19:54.626 [main] Log - User is entering admission number 
[INFO ] 2020-03-08 19:19:55.719 [main] Log - User is entering birthday 
[INFO ] 2020-03-08 19:19:56.810 [main] Log - User is entering major 
[INFO ] 2020-03-08 19:19:56.873 [main] Log - User select the Batch
[INFO ] 2020-03-08 19:19:57.020 [main] Log - User is entering section 
[INFO ] 2020-03-08 19:19:57.065 [main] Log - User is entering permanent Address 
[INFO ] 2020-03-08 19:19:57.275 [main] Log - User is entering company name 
[INFO ] 2020-03-08 19:19:57.400 [main] Log - User is entering start day 
[INFO ] 2020-03-08 19:19:57.478 [main] Log - User is entering street 
[INFO ] 2020-03-08 19:19:57.614 [main] Log - User is entering state 
[INFO ] 2020-03-08 19:19:57.684 [main] Log - User is entering title
[INFO ] 2020-03-08 19:19:57.778 [main] Log - User is entering city 
[INFO ] 2020-03-08 19:19:57.857 [main] Log - User is entering zipCode 
[INFO ] 2020-03-08 19:19:57.922 [main] Log - User click submit button
[WARN ] 2020-03-08 19:19:57.989 [main] Log - All student header verification
[WARN ] 2020-03-08 19:19:58.029 [main] Log - Creating student
[INFO ] 2020-03-08 19:19:58.594 [main] Log - Click on student that was created
[WARN ] 2020-03-08 19:20:04.789 [main] Log - Full name verification in data base
[INFO ] 2020-03-08 19:20:06.142 [main] Log - Data base join date convert to UI format
[WARN ] 2020-03-08 19:20:06.147 [main] Log - Join date verification with data base
[WARN ] 2020-03-08 19:20:07.109 [main] Log - Admission value verification with data base
[WARN ] 2020-03-08 19:20:07.469 [main] Log - Birthday verification with data base
[WARN ] 2020-03-08 19:20:07.850 [main] Log - Birthday verification with data base
[WARN ] 2020-03-08 19:20:08.177 [main] Log - Section verification with data base
[WARN ] 2020-03-08 19:20:08.625 [main] Log - Subject verification with data base
[INFO ] 2020-03-08 19:20:08.649 [main] Log - Scenario start name: As a User I should able to update student
[INFO ] 2020-03-08 19:20:08.958 [main] Log - User on http://cybertektraining.com/
[INFO ] 2020-03-08 19:20:09.097 [main] Log - User is clicking on students button
[INFO ] 2020-03-08 19:20:10.387 [main] Log - Click on dots that was created
[INFO ] 2020-03-08 19:20:10.554 [main] Log - Click on edit that was created
[INFO ] 2020-03-08 20:25:18.293 [main] Log - Scenario start name: As a User I should able to create student
[INFO ] 2020-03-08 20:25:21.252 [main] Log - User on http://cybertektraining.com/
[INFO ] 2020-03-08 20:25:21.357 [main] Log - User is clicking on students button
[WARN ] 2020-03-08 20:25:22.362 [main] Log - Add student buttons verification
[WARN ] 2020-03-08 20:25:22.412 [main] Log - All student buttons verifications
[INFO ] 2020-03-08 20:25:22.441 [main] Log - Click Add student button
[INFO ] 2020-03-08 20:25:22.711 [main] Log - Wait for visibility of add student header
[WARN ] 2020-03-08 20:25:22.778 [main] Log - Add Header verification
[INFO ] 2020-03-08 20:25:23.854 [main] Log - 
[INFO ] 2020-03-08 20:25:23.855 [main] Log - User is entering first name
[INFO ] 2020-03-08 20:25:24.986 [main] Log - User is entering last name
[INFO ] 2020-03-08 20:25:26.153 [main] Log - User is entering email number
[INFO ] 2020-03-08 20:25:27.370 [main] Log - User is entering password
[INFO ] 2020-03-08 20:25:28.464 [main] Log - User is entering confirm password
[INFO ] 2020-03-08 20:25:29.527 [main] Log - User is entering join date
[INFO ] 2020-03-08 20:25:30.699 [main] Log - User is entering subject 
[INFO ] 2020-03-08 20:25:30.914 [main] Log - User is entering mobile number
[INFO ] 2020-03-08 20:25:31.018 [main] Log - User select gender
[INFO ] 2020-03-08 20:25:31.133 [main] Log - User is entering admission number 
[INFO ] 2020-03-08 20:25:32.228 [main] Log - User is entering birthday 
[INFO ] 2020-03-08 20:25:33.344 [main] Log - User is entering major 
[INFO ] 2020-03-08 20:25:33.419 [main] Log - User select the Batch
[INFO ] 2020-03-08 20:25:33.637 [main] Log - User is entering section 
[INFO ] 2020-03-08 20:25:33.699 [main] Log - User is entering permanent Address 
[INFO ] 2020-03-08 20:25:33.974 [main] Log - User is entering company name 
[INFO ] 2020-03-08 20:25:34.136 [main] Log - User is entering start day 
[INFO ] 2020-03-08 20:25:34.227 [main] Log - User is entering street 
[INFO ] 2020-03-08 20:25:34.382 [main] Log - User is entering state 
[INFO ] 2020-03-08 20:25:34.442 [main] Log - User is entering title
[INFO ] 2020-03-08 20:25:34.580 [main] Log - User is entering city 
[INFO ] 2020-03-08 20:25:34.683 [main] Log - User is entering zipCode 
[INFO ] 2020-03-08 20:25:34.741 [main] Log - User click submit button
[WARN ] 2020-03-08 20:25:34.821 [main] Log - All student header verification
[WARN ] 2020-03-08 20:25:34.867 [main] Log - Creating student
[INFO ] 2020-03-08 20:25:35.319 [main] Log - Click on student that was created
[WARN ] 2020-03-08 20:25:41.311 [main] Log - Full name verification in data base
[INFO ] 2020-03-08 20:25:41.673 [main] Log - Data base join date convert to UI format
[WARN ] 2020-03-08 20:25:41.685 [main] Log - Join date verification with data base
[WARN ] 2020-03-08 20:25:42.046 [main] Log - Admission value verification with data base
[WARN ] 2020-03-08 20:25:42.423 [main] Log - Birthday verification with data base
[WARN ] 2020-03-08 20:25:42.800 [main] Log - Birthday verification with data base
[WARN ] 2020-03-08 20:25:43.141 [main] Log - Section verification with data base
[WARN ] 2020-03-08 20:25:43.511 [main] Log - Subject verification with data base
[INFO ] 2020-03-08 20:25:43.547 [main] Log - Scenario start name: I should be able to add a new teacher
[INFO ] 2020-03-08 20:25:43.920 [main] Log - User on http://cybertektraining.com/
[INFO ] 2020-03-08 22:30:08.480 [main] Log - Scenario start name: As a User I should able to create student
[INFO ] 2020-03-08 22:30:12.428 [main] Log - User on http://cybertektraining.com/
[INFO ] 2020-03-08 22:30:12.535 [main] Log - User is clicking on students button
[WARN ] 2020-03-08 22:30:13.536 [main] Log - Add student buttons verification
[WARN ] 2020-03-08 22:30:13.585 [main] Log - All student buttons verifications
[INFO ] 2020-03-08 22:30:13.615 [main] Log - Click Add student button
[INFO ] 2020-03-08 22:30:13.906 [main] Log - Wait for visibility of add student header
[WARN ] 2020-03-08 22:30:13.937 [main] Log - Add Header verification
[INFO ] 2020-03-08 22:30:15.036 [main] Log - 
[INFO ] 2020-03-08 22:30:15.036 [main] Log - User is entering first name
[INFO ] 2020-03-08 22:30:16.209 [main] Log - User is entering last name
[INFO ] 2020-03-08 22:30:17.336 [main] Log - User is entering email number
[INFO ] 2020-03-08 22:30:18.536 [main] Log - User is entering password
[INFO ] 2020-03-08 22:30:19.629 [main] Log - User is entering confirm password
[INFO ] 2020-03-08 22:30:20.698 [main] Log - User is entering join date
[INFO ] 2020-03-08 22:30:21.877 [main] Log - User is entering subject 
[INFO ] 2020-03-08 22:30:22.075 [main] Log - User is entering mobile number
[INFO ] 2020-03-08 22:30:22.187 [main] Log - User select gender
[INFO ] 2020-03-08 22:30:22.299 [main] Log - User is entering admission number 
[INFO ] 2020-03-08 22:30:23.399 [main] Log - User is entering birthday 
[INFO ] 2020-03-08 22:30:24.559 [main] Log - User is entering major 
[INFO ] 2020-03-08 22:30:24.633 [main] Log - User select the Batch
[INFO ] 2020-03-08 22:30:24.856 [main] Log - User is entering section 
[INFO ] 2020-03-08 22:30:24.901 [main] Log - User is entering permanent Address 
[INFO ] 2020-03-08 22:30:25.214 [main] Log - User is entering company name 
[INFO ] 2020-03-08 22:30:25.318 [main] Log - User is entering start day 
[INFO ] 2020-03-08 22:30:25.409 [main] Log - User is entering street 
[INFO ] 2020-03-08 22:30:25.544 [main] Log - User is entering state 
[INFO ] 2020-03-08 22:30:25.634 [main] Log - User is entering title
[INFO ] 2020-03-08 22:30:25.722 [main] Log - User is entering city 
[INFO ] 2020-03-08 22:30:25.803 [main] Log - User is entering zipCode 
[INFO ] 2020-03-08 22:30:25.878 [main] Log - User click submit button
[WARN ] 2020-03-08 22:30:25.934 [main] Log - All student header verification
[WARN ] 2020-03-08 22:30:25.974 [main] Log - Creating student
[INFO ] 2020-03-08 22:30:26.732 [main] Log - Click on student that was created
[WARN ] 2020-03-08 22:30:32.888 [main] Log - Full name verification in data base
[INFO ] 2020-03-08 22:30:33.566 [main] Log - Data base join date convert to UI format
[WARN ] 2020-03-08 22:30:33.577 [main] Log - Join date verification with data base
[WARN ] 2020-03-08 22:30:34.283 [main] Log - Admission value verification with data base
[WARN ] 2020-03-08 22:30:35.235 [main] Log - Birthday verification with data base
[WARN ] 2020-03-08 22:30:35.858 [main] Log - Birthday verification with data base
[WARN ] 2020-03-08 22:30:36.413 [main] Log - Section verification with data base
[WARN ] 2020-03-08 22:30:36.767 [main] Log - Subject verification with data base
[INFO ] 2020-03-08 22:30:36.797 [main] Log - Scenario start name: I should be able to add a new teacher
[INFO ] 2020-03-08 22:30:37.184 [main] Log - User on http://cybertektraining.com/
[INFO ] 2020-03-08 23:03:06.841 [main] Log - Scenario start name: I should be able to add a new teacher
[INFO ] 2020-03-08 23:03:12.058 [main] Log - User on http://cybertektraining.com/
[INFO ] 2020-03-08 23:05:04.999 [main] Log - Scenario start name: I should be able to add a new teacher
[INFO ] 2020-03-08 23:05:08.991 [main] Log - User on http://cybertektraining.com/
[INFO ] 2020-03-08 23:08:04.630 [main] Log - Scenario start name: I should be able to add a new teacher
[INFO ] 2020-03-08 23:08:08.532 [main] Log - User on http://cybertektraining.com/
[INFO ] 2020-03-08 23:11:10.393 [main] Log - Scenario start name: I should be able to add a new teacher
[INFO ] 2020-03-08 23:11:13.800 [main] Log - User on http://cybertektraining.com/
[INFO ] 2020-03-08 23:20:41.487 [main] Log - Scenario start name: I should be able to add a new teacher
[INFO ] 2020-03-08 23:20:44.996 [main] Log - User on http://cybertektraining.com/
[INFO ] 2020-03-08 23:31:10.442 [main] Log - Scenario start name: I should be able to add a new teacher
[INFO ] 2020-03-08 23:31:15.278 [main] Log - User on http://cybertektraining.com/
[INFO ] 2020-03-08 23:32:26.045 [main] Log - Scenario start name: I should be able to add a new teacher
[INFO ] 2020-03-08 23:32:30.375 [main] Log - User on http://cybertektraining.com/
[INFO ] 2020-03-08 23:36:47.368 [main] Log - Scenario start name: I should be able to add a new teacher
[INFO ] 2020-03-08 23:36:50.642 [main] Log - User on http://cybertektraining.com/
[INFO ] 2020-03-08 23:39:23.937 [main] Log - Scenario start name: I should be able to add a new teacher
[INFO ] 2020-03-08 23:39:27.886 [main] Log - User on http://cybertektraining.com/
[INFO ] 2020-03-08 23:40:55.148 [main] Log - Scenario start name: I should be able to add a new teacher
[INFO ] 2020-03-08 23:40:58.652 [main] Log - User on http://cybertektraining.com/
[INFO ] 2020-03-08 23:44:24.992 [main] Log - Scenario start name: I should be able to add a new teacher
[INFO ] 2020-03-08 23:44:29.012 [main] Log - User on http://cybertektraining.com/
[INFO ] 2020-03-08 23:47:21.783 [main] Log - Scenario start name: I should be able to add a new teacher
[INFO ] 2020-03-08 23:47:25.856 [main] Log - User on http://cybertektraining.com/
[INFO ] 2020-03-08 23:50:09.204 [main] Log - Scenario start name: I should be able to add a new teacher
[INFO ] 2020-03-08 23:50:13.032 [main] Log - User on http://cybertektraining.com/
[INFO ] 2020-03-08 23:55:25.158 [main] Log - Scenario start name: I should be able to add a new teacher
[INFO ] 2020-03-08 23:55:35.001 [main] Log - User on http://cybertektraining.com/
[INFO ] 2020-03-08 23:56:20.658 [main] Log - Scenario start name: I should be able to add a new teacher
[INFO ] 2020-03-08 23:56:25.371 [main] Log - User on http://cybertektraining.com/
[INFO ] 2020-03-09 00:01:42.483 [main] Log - Scenario start name: I should be able to add a new teacher
[INFO ] 2020-03-09 00:01:45.733 [main] Log - User on http://cybertektraining.com/
[INFO ] 2020-03-09 00:03:32.590 [main] Log - Scenario start name: I should be able to add a new teacher
[INFO ] 2020-03-09 00:03:35.823 [main] Log - User on http://cybertektraining.com/
[INFO ] 2020-03-09 00:07:34.226 [main] Log - Scenario start name: I should be able to add a new teacher
[INFO ] 2020-03-09 00:07:37.888 [main] Log - User on http://cybertektraining.com/
[INFO ] 2020-03-09 14:26:26.963 [main] Log - Scenario start name: delete
[INFO ] 2020-03-09 14:26:29.791 [main] Log - User on http://cybertektraining.com/
[INFO ] 2020-03-09 14:43:34.871 [main] Log - Scenario start name: delete
[INFO ] 2020-03-09 14:43:37.942 [main] Log - User on http://cybertektraining.com/
[INFO ] 2020-03-09 14:45:48.543 [main] Log - Scenario start name: delete
[INFO ] 2020-03-09 14:45:51.775 [main] Log - User on http://cybertektraining.com/
[INFO ] 2020-03-09 14:47:05.240 [main] Log - Scenario start name: delete
[INFO ] 2020-03-09 14:47:08.244 [main] Log - User on http://cybertektraining.com/
[INFO ] 2020-03-09 15:41:21.914 [main] Log - Scenario start name: delete
[INFO ] 2020-03-09 15:41:25.041 [main] Log - User on http://cybertektraining.com/
[INFO ] 2020-03-09 16:03:16.075 [main] Log - Scenario start name: I should be able to add a new teacher
[INFO ] 2020-03-09 16:03:19.161 [main] Log - User on http://cybertektraining.com/
[INFO ] 2020-03-09 16:04:10.771 [main] Log - Scenario start name: As a User I should able to create student
[INFO ] 2020-03-09 16:04:13.469 [main] Log - User on http://cybertektraining.com/
[INFO ] 2020-03-09 16:04:13.659 [main] Log - User is clicking on students button
[WARN ] 2020-03-09 16:04:14.662 [main] Log - Add student buttons verification
[WARN ] 2020-03-09 16:04:14.715 [main] Log - All student buttons verifications
[INFO ] 2020-03-09 16:04:14.751 [main] Log - Click Add student button
[INFO ] 2020-03-09 16:04:15.031 [main] Log - Wait for visibility of add student header
[WARN ] 2020-03-09 16:04:15.080 [main] Log - Add Header verification
[INFO ] 2020-03-09 16:04:16.175 [main] Log - 
[INFO ] 2020-03-09 16:04:16.176 [main] Log - User is entering first name
[INFO ] 2020-03-09 16:04:17.308 [main] Log - User is entering last name
[INFO ] 2020-03-09 16:04:18.425 [main] Log - User is entering email number
[INFO ] 2020-03-09 16:04:19.583 [main] Log - User is entering password
[INFO ] 2020-03-09 16:04:20.684 [main] Log - User is entering confirm password
[INFO ] 2020-03-09 16:04:21.751 [main] Log - User is entering join date
[INFO ] 2020-03-09 16:04:22.958 [main] Log - User is entering subject 
[INFO ] 2020-03-09 16:04:23.242 [main] Log - User is entering mobile number
[INFO ] 2020-03-09 16:04:23.339 [main] Log - User select gender
[INFO ] 2020-03-09 16:04:23.452 [main] Log - User is entering admission number 
[INFO ] 2020-03-09 16:04:24.549 [main] Log - User is entering birthday 
[INFO ] 2020-03-09 16:04:25.665 [main] Log - User is entering major 
[INFO ] 2020-03-09 16:04:25.739 [main] Log - User select the Batch
[INFO ] 2020-03-09 16:04:25.957 [main] Log - User is entering section 
[INFO ] 2020-03-09 16:04:26.001 [main] Log - User is entering permanent Address 
[INFO ] 2020-03-09 16:04:26.295 [main] Log - User is entering company name 
[INFO ] 2020-03-09 16:04:26.404 [main] Log - User is entering start day 
[INFO ] 2020-03-09 16:04:26.492 [main] Log - User is entering street 
[INFO ] 2020-03-09 16:04:26.647 [main] Log - User is entering state 
[INFO ] 2020-03-09 16:04:26.711 [main] Log - User is entering title
[INFO ] 2020-03-09 16:04:26.813 [main] Log - User is entering city 
[INFO ] 2020-03-09 16:04:26.927 [main] Log - User is entering zipCode 
[INFO ] 2020-03-09 16:04:26.985 [main] Log - User click submit button
[WARN ] 2020-03-09 16:04:27.053 [main] Log - All student header verification
[WARN ] 2020-03-09 16:04:27.095 [main] Log - Creating student
[INFO ] 2020-03-09 16:04:27.519 [main] Log - Click on student that was created
[WARN ] 2020-03-09 16:04:33.656 [main] Log - Full name verification in data base
[INFO ] 2020-03-09 16:04:34.052 [main] Log - Data base join date convert to UI format
[WARN ] 2020-03-09 16:04:34.064 [main] Log - Join date verification with data base
[WARN ] 2020-03-09 16:04:34.480 [main] Log - Admission value verification with data base
[WARN ] 2020-03-09 16:04:34.857 [main] Log - Birthday verification with data base
[WARN ] 2020-03-09 16:04:35.278 [main] Log - Birthday verification with data base
[WARN ] 2020-03-09 16:04:35.651 [main] Log - Section verification with data base
[WARN ] 2020-03-09 16:04:36.015 [main] Log - Subject verification with data base
[INFO ] 2020-03-09 16:04:36.049 [main] Log - Scenario start name: I should be able to add a new teacher
[INFO ] 2020-03-09 16:04:36.410 [main] Log - User on http://cybertektraining.com/
